-------------------------------------------------------------------------------
Test set: com.mits.test.TestCase2
-------------------------------------------------------------------------------
Tests run: 1, Failures: 1, Errors: 0, Skipped: 0, Time elapsed: 0 sec <<< FAILURE! - in com.mits.test.TestCase2
test(com.mits.test.TestCase2)  Time elapsed: 0 sec  <<< FAILURE!
java.lang.AssertionError: expected:<7> but was:<6>
	at com.mits.test.TestCase2.test(TestCase2.java:15)

